0 info it worked if it ends with ok
1 verbose cli [ '/Users/Mr-WC/.nvm/versions/node/v4.3.2/bin/node',
1 verbose cli   '/Users/Mr-WC/.nvm/versions/node/v4.3.2/bin/npm',
1 verbose cli   'run',
1 verbose cli   'dev' ]
2 info using npm@2.14.12
3 info using node@v4.3.2
4 verbose run-script [ 'predev', 'dev', 'postdev' ]
5 info predev youlin_app@0.0.1
6 info dev youlin_app@0.0.1
7 verbose unsafe-perm in lifecycle true
8 info youlin_app@0.0.1 Failed to exec dev script
9 verbose stack Error: youlin_app@0.0.1 dev: `webpack-dev-server --inline --hot --port 8989 --host 0.0.0.0 --config webpack.dev.config.js`
9 verbose stack Exit status 1
9 verbose stack     at EventEmitter.<anonymous> (/Users/Mr-WC/.nvm/versions/node/v4.3.2/lib/node_modules/npm/lib/utils/lifecycle.js:214:16)
9 verbose stack     at emitTwo (events.js:87:13)
9 verbose stack     at EventEmitter.emit (events.js:172:7)
9 verbose stack     at ChildProcess.<anonymous> (/Users/Mr-WC/.nvm/versions/node/v4.3.2/lib/node_modules/npm/lib/utils/spawn.js:24:14)
9 verbose stack     at emitTwo (events.js:87:13)
9 verbose stack     at ChildProcess.emit (events.js:172:7)
9 verbose stack     at maybeClose (internal/child_process.js:821:16)
9 verbose stack     at Process.ChildProcess._handle.onexit (internal/child_process.js:211:5)
10 verbose pkgid youlin_app@0.0.1
11 verbose cwd /Users/Mr-WC/MyGitHub/react-webpack
12 error Darwin 16.0.0
13 error argv "/Users/Mr-WC/.nvm/versions/node/v4.3.2/bin/node" "/Users/Mr-WC/.nvm/versions/node/v4.3.2/bin/npm" "run" "dev"
14 error node v4.3.2
15 error npm  v2.14.12
16 error code ELIFECYCLE
17 error youlin_app@0.0.1 dev: `webpack-dev-server --inline --hot --port 8989 --host 0.0.0.0 --config webpack.dev.config.js`
17 error Exit status 1
18 error Failed at the youlin_app@0.0.1 dev script 'webpack-dev-server --inline --hot --port 8989 --host 0.0.0.0 --config webpack.dev.config.js'.
18 error This is most likely a problem with the youlin_app package,
18 error not with npm itself.
18 error Tell the author that this fails on your system:
18 error     webpack-dev-server --inline --hot --port 8989 --host 0.0.0.0 --config webpack.dev.config.js
18 error You can get their info via:
18 error     npm owner ls youlin_app
18 error There is likely additional logging output above.
19 verbose exit [ 1, true ]
